make[1]: Entering directory '/workspaces/PintOS_team8/pintos-kaist/userprog/build'
pintos -v -k -T 60 -m 20   --fs-disk=10 -p tests/userprog/args-none:args-none -- -q   -f run args-none < /dev/null 2> tests/userprog/args-none.errors > tests/userprog/args-none.output
perl -I../.. ../../tests/userprog/args-none.ck tests/userprog/args-none tests/userprog/args-none.result
pass tests/userprog/args-none
pintos -v -k -T 60 -m 20   --fs-disk=10 -p tests/userprog/args-single:args-single -- -q   -f run 'args-single onearg' < /dev/null 2> tests/userprog/args-single.errors > tests/userprog/args-single.output
perl -I../.. ../../tests/userprog/args-single.ck tests/userprog/args-single tests/userprog/args-single.result
pass tests/userprog/args-single
pintos -v -k -T 60 -m 20   --fs-disk=10 -p tests/userprog/args-multiple:args-multiple -- -q   -f run 'args-multiple some arguments for you!' < /dev/null 2> tests/userprog/args-multiple.errors > tests/userprog/args-multiple.output
perl -I../.. ../../tests/userprog/args-multiple.ck tests/userprog/args-multiple tests/userprog/args-multiple.result
pass tests/userprog/args-multiple
pintos -v -k -T 60 -m 20   --fs-disk=10 -p tests/userprog/args-many:args-many -- -q   -f run 'args-many a b c d e f g h i j k l m n o p q r s t u v' < /dev/null 2> tests/userprog/args-many.errors > tests/userprog/args-many.output
perl -I../.. ../../tests/userprog/args-many.ck tests/userprog/args-many tests/userprog/args-many.result
pass tests/userprog/args-many
pintos -v -k -T 60 -m 20   --fs-disk=10 -p tests/userprog/args-dbl-space:args-dbl-space -- -q   -f run 'args-dbl-space two  spaces!' < /dev/null 2> tests/userprog/args-dbl-space.errors > tests/userprog/args-dbl-space.output
perl -I../.. ../../tests/userprog/args-dbl-space.ck tests/userprog/args-dbl-space tests/userprog/args-dbl-space.result
pass tests/userprog/args-dbl-space
pintos -v -k -T 60 -m 20   --fs-disk=10 -p tests/userprog/halt:halt -- -q   -f run halt < /dev/null 2> tests/userprog/halt.errors > tests/userprog/halt.output
perl -I../.. ../../tests/userprog/halt.ck tests/userprog/halt tests/userprog/halt.result
pass tests/userprog/halt
pintos -v -k -T 60 -m 20   --fs-disk=10 -p tests/userprog/exit:exit -- -q   -f run exit < /dev/null 2> tests/userprog/exit.errors > tests/userprog/exit.output
perl -I../.. ../../tests/userprog/exit.ck tests/userprog/exit tests/userprog/exit.result
pass tests/userprog/exit
pintos -v -k -T 60 -m 20   --fs-disk=10 -p tests/userprog/create-normal:create-normal -- -q   -f run create-normal < /dev/null 2> tests/userprog/create-normal.errors > tests/userprog/create-normal.output
perl -I../.. ../../tests/userprog/create-normal.ck tests/userprog/create-normal tests/userprog/create-normal.result
pass tests/userprog/create-normal
pintos -v -k -T 60 -m 20   --fs-disk=10 -p tests/userprog/create-empty:create-empty -- -q   -f run create-empty < /dev/null 2> tests/userprog/create-empty.errors > tests/userprog/create-empty.output
perl -I../.. ../../tests/userprog/create-empty.ck tests/userprog/create-empty tests/userprog/create-empty.result
pass tests/userprog/create-empty
pintos -v -k -T 60 -m 20   --fs-disk=10 -p tests/userprog/create-null:create-null -- -q   -f run create-null < /dev/null 2> tests/userprog/create-null.errors > tests/userprog/create-null.output
perl -I../.. ../../tests/userprog/create-null.ck tests/userprog/create-null tests/userprog/create-null.result
pass tests/userprog/create-null
pintos -v -k -T 60 -m 20   --fs-disk=10 -p tests/userprog/create-bad-ptr:create-bad-ptr -- -q   -f run create-bad-ptr < /dev/null 2> tests/userprog/create-bad-ptr.errors > tests/userprog/create-bad-ptr.output
perl -I../.. ../../tests/userprog/create-bad-ptr.ck tests/userprog/create-bad-ptr tests/userprog/create-bad-ptr.result
pass tests/userprog/create-bad-ptr
pintos -v -k -T 60 -m 20   --fs-disk=10 -p tests/userprog/create-long:create-long -- -q   -f run create-long < /dev/null 2> tests/userprog/create-long.errors > tests/userprog/create-long.output
perl -I../.. ../../tests/userprog/create-long.ck tests/userprog/create-long tests/userprog/create-long.result
pass tests/userprog/create-long
pintos -v -k -T 60 -m 20   --fs-disk=10 -p tests/userprog/create-exists:create-exists -- -q   -f run create-exists < /dev/null 2> tests/userprog/create-exists.errors > tests/userprog/create-exists.output
perl -I../.. ../../tests/userprog/create-exists.ck tests/userprog/create-exists tests/userprog/create-exists.result
pass tests/userprog/create-exists
pintos -v -k -T 60 -m 20   --fs-disk=10 -p tests/userprog/create-bound:create-bound -- -q   -f run create-bound < /dev/null 2> tests/userprog/create-bound.errors > tests/userprog/create-bound.output
perl -I../.. ../../tests/userprog/create-bound.ck tests/userprog/create-bound tests/userprog/create-bound.result
pass tests/userprog/create-bound
pintos -v -k -T 60 -m 20   --fs-disk=10 -p tests/userprog/open-normal:open-normal -p ../../tests/userprog/sample.txt:sample.txt -- -q   -f run open-normal < /dev/null 2> tests/userprog/open-normal.errors > tests/userprog/open-normal.output
perl -I../.. ../../tests/userprog/open-normal.ck tests/userprog/open-normal tests/userprog/open-normal.result
pass tests/userprog/open-normal
pintos -v -k -T 60 -m 20   --fs-disk=10 -p tests/userprog/open-missing:open-missing -- -q   -f run open-missing < /dev/null 2> tests/userprog/open-missing.errors > tests/userprog/open-missing.output
perl -I../.. ../../tests/userprog/open-missing.ck tests/userprog/open-missing tests/userprog/open-missing.result
pass tests/userprog/open-missing
pintos -v -k -T 60 -m 20   --fs-disk=10 -p tests/userprog/open-boundary:open-boundary -p ../../tests/userprog/sample.txt:sample.txt -- -q   -f run open-boundary < /dev/null 2> tests/userprog/open-boundary.errors > tests/userprog/open-boundary.output
perl -I../.. ../../tests/userprog/open-boundary.ck tests/userprog/open-boundary tests/userprog/open-boundary.result
pass tests/userprog/open-boundary
pintos -v -k -T 60 -m 20   --fs-disk=10 -p tests/userprog/open-empty:open-empty -- -q   -f run open-empty < /dev/null 2> tests/userprog/open-empty.errors > tests/userprog/open-empty.output
perl -I../.. ../../tests/userprog/open-empty.ck tests/userprog/open-empty tests/userprog/open-empty.result
pass tests/userprog/open-empty
pintos -v -k -T 60 -m 20   --fs-disk=10 -p tests/userprog/open-null:open-null -- -q   -f run open-null < /dev/null 2> tests/userprog/open-null.errors > tests/userprog/open-null.output
perl -I../.. ../../tests/userprog/open-null.ck tests/userprog/open-null tests/userprog/open-null.result
pass tests/userprog/open-null
pintos -v -k -T 60 -m 20   --fs-disk=10 -p tests/userprog/open-bad-ptr:open-bad-ptr -- -q   -f run open-bad-ptr < /dev/null 2> tests/userprog/open-bad-ptr.errors > tests/userprog/open-bad-ptr.output
perl -I../.. ../../tests/userprog/open-bad-ptr.ck tests/userprog/open-bad-ptr tests/userprog/open-bad-ptr.result
pass tests/userprog/open-bad-ptr
pintos -v -k -T 60 -m 20   --fs-disk=10 -p tests/userprog/open-twice:open-twice -p ../../tests/userprog/sample.txt:sample.txt -- -q   -f run open-twice < /dev/null 2> tests/userprog/open-twice.errors > tests/userprog/open-twice.output
perl -I../.. ../../tests/userprog/open-twice.ck tests/userprog/open-twice tests/userprog/open-twice.result
pass tests/userprog/open-twice
pintos -v -k -T 60 -m 20   --fs-disk=10 -p tests/userprog/close-normal:close-normal -p ../../tests/userprog/sample.txt:sample.txt -- -q   -f run close-normal < /dev/null 2> tests/userprog/close-normal.errors > tests/userprog/close-normal.output
perl -I../.. ../../tests/userprog/close-normal.ck tests/userprog/close-normal tests/userprog/close-normal.result
pass tests/userprog/close-normal
pintos -v -k -T 60 -m 20   --fs-disk=10 -p tests/userprog/close-twice:close-twice -p ../../tests/userprog/sample.txt:sample.txt -- -q   -f run close-twice < /dev/null 2> tests/userprog/close-twice.errors > tests/userprog/close-twice.output
perl -I../.. ../../tests/userprog/close-twice.ck tests/userprog/close-twice tests/userprog/close-twice.result
pass tests/userprog/close-twice
pintos -v -k -T 60 -m 20   --fs-disk=10 -p tests/userprog/close-bad-fd:close-bad-fd -- -q   -f run close-bad-fd < /dev/null 2> tests/userprog/close-bad-fd.errors > tests/userprog/close-bad-fd.output
perl -I../.. ../../tests/userprog/close-bad-fd.ck tests/userprog/close-bad-fd tests/userprog/close-bad-fd.result
FAIL tests/userprog/close-bad-fd
Kernel panic in run: PANIC at ../../userprog/exception.c:97 in kill(): Kernel bug - unexpected interrupt in kernel
Call stack: 0x8004217e46 0x800421c6db 0x800421c85a 0x8004208d6a 0x8004209188 0x800421d24b 0x800421ccb6 0x800421c8cf 0x4000fd 0x40015b 0x400bfc
Translation of call stack:
0x0000008004217e46: debug_panic (lib/kernel/debug.c:32)
0x000000800421c6db: kill (userprog/exception.c:103)
0x000000800421c85a: page_fault (userprog/exception.c:161 (discriminator 12))
0x0000008004208d6a: intr_handler (threads/interrupt.c:412)
0x0000008004209188: intr_entry (threads/intr-stubs.o:?)
0x000000800421d24b: close (userprog/syscall.c:358)
0x000000800421ccb6: syscall_handler (userprog/syscall.c:108)
0x000000800421c8cf: no_sti (userprog/syscall-entry.o:?)
0x00000000004000fd: (unknown)
0x000000000040015b: (unknown)
0x0000000000400bfc: (unknown)
pintos -v -k -T 60 -m 20   --fs-disk=10 -p tests/userprog/read-normal:read-normal -p ../../tests/userprog/sample.txt:sample.txt -- -q   -f run read-normal < /dev/null 2> tests/userprog/read-normal.errors > tests/userprog/read-normal.output
perl -I../.. ../../tests/userprog/read-normal.ck tests/userprog/read-normal tests/userprog/read-normal.result
pass tests/userprog/read-normal
pintos -v -k -T 60 -m 20   --fs-disk=10 -p tests/userprog/read-bad-ptr:read-bad-ptr -p ../../tests/userprog/sample.txt:sample.txt -- -q   -f run read-bad-ptr < /dev/null 2> tests/userprog/read-bad-ptr.errors > tests/userprog/read-bad-ptr.output
perl -I../.. ../../tests/userprog/read-bad-ptr.ck tests/userprog/read-bad-ptr tests/userprog/read-bad-ptr.result
pass tests/userprog/read-bad-ptr
pintos -v -k -T 60 -m 20   --fs-disk=10 -p tests/userprog/read-boundary:read-boundary -p ../../tests/userprog/sample.txt:sample.txt -- -q   -f run read-boundary < /dev/null 2> tests/userprog/read-boundary.errors > tests/userprog/read-boundary.output
perl -I../.. ../../tests/userprog/read-boundary.ck tests/userprog/read-boundary tests/userprog/read-boundary.result
pass tests/userprog/read-boundary
pintos -v -k -T 60 -m 20   --fs-disk=10 -p tests/userprog/read-zero:read-zero -p ../../tests/userprog/sample.txt:sample.txt -- -q   -f run read-zero < /dev/null 2> tests/userprog/read-zero.errors > tests/userprog/read-zero.output
perl -I../.. ../../tests/userprog/read-zero.ck tests/userprog/read-zero tests/userprog/read-zero.result
pass tests/userprog/read-zero
pintos -v -k -T 60 -m 20   --fs-disk=10 -p tests/userprog/read-stdout:read-stdout -- -q   -f run read-stdout < /dev/null 2> tests/userprog/read-stdout.errors > tests/userprog/read-stdout.output
perl -I../.. ../../tests/userprog/read-stdout.ck tests/userprog/read-stdout tests/userprog/read-stdout.result
pass tests/userprog/read-stdout
pintos -v -k -T 60 -m 20   --fs-disk=10 -p tests/userprog/read-bad-fd:read-bad-fd -- -q   -f run read-bad-fd < /dev/null 2> tests/userprog/read-bad-fd.errors > tests/userprog/read-bad-fd.output
perl -I../.. ../../tests/userprog/read-bad-fd.ck tests/userprog/read-bad-fd tests/userprog/read-bad-fd.result
FAIL tests/userprog/read-bad-fd
Kernel panic in run: PANIC at ../../userprog/exception.c:97 in kill(): Kernel bug - unexpected interrupt in kernel
Call stack: 0x8004217e46 0x800421c6db 0x800421c85a 0x8004208d6a 0x8004209188 0x800421d000 0x800421cbe5 0x800421c8cf 0x40010d 0x400219 0x400cba
Translation of call stack:
0x0000008004217e46: debug_panic (lib/kernel/debug.c:32)
0x000000800421c6db: kill (userprog/exception.c:103)
0x000000800421c85a: page_fault (userprog/exception.c:161 (discriminator 12))
0x0000008004208d6a: intr_handler (threads/interrupt.c:412)
0x0000008004209188: intr_entry (threads/intr-stubs.o:?)
0x000000800421d000: read (userprog/syscall.c:284)
0x000000800421cbe5: syscall_handler (userprog/syscall.c:94)
0x000000800421c8cf: no_sti (userprog/syscall-entry.o:?)
0x000000000040010d: (unknown)
0x0000000000400219: (unknown)
0x0000000000400cba: (unknown)
pintos -v -k -T 60 -m 20   --fs-disk=10 -p tests/userprog/write-normal:write-normal -p ../../tests/userprog/sample.txt:sample.txt -- -q   -f run write-normal < /dev/null 2> tests/userprog/write-normal.errors > tests/userprog/write-normal.output
perl -I../.. ../../tests/userprog/write-normal.ck tests/userprog/write-normal tests/userprog/write-normal.result
pass tests/userprog/write-normal
pintos -v -k -T 60 -m 20   --fs-disk=10 -p tests/userprog/write-bad-ptr:write-bad-ptr -p ../../tests/userprog/sample.txt:sample.txt -- -q   -f run write-bad-ptr < /dev/null 2> tests/userprog/write-bad-ptr.errors > tests/userprog/write-bad-ptr.output
perl -I../.. ../../tests/userprog/write-bad-ptr.ck tests/userprog/write-bad-ptr tests/userprog/write-bad-ptr.result
pass tests/userprog/write-bad-ptr
pintos -v -k -T 60 -m 20   --fs-disk=10 -p tests/userprog/write-boundary:write-boundary -p ../../tests/userprog/sample.txt:sample.txt -- -q   -f run write-boundary < /dev/null 2> tests/userprog/write-boundary.errors > tests/userprog/write-boundary.output
perl -I../.. ../../tests/userprog/write-boundary.ck tests/userprog/write-boundary tests/userprog/write-boundary.result
pass tests/userprog/write-boundary
pintos -v -k -T 60 -m 20   --fs-disk=10 -p tests/userprog/write-zero:write-zero -p ../../tests/userprog/sample.txt:sample.txt -- -q   -f run write-zero < /dev/null 2> tests/userprog/write-zero.errors > tests/userprog/write-zero.output
perl -I../.. ../../tests/userprog/write-zero.ck tests/userprog/write-zero tests/userprog/write-zero.result
pass tests/userprog/write-zero
pintos -v -k -T 60 -m 20   --fs-disk=10 -p tests/userprog/write-stdin:write-stdin -- -q   -f run write-stdin < /dev/null 2> tests/userprog/write-stdin.errors > tests/userprog/write-stdin.output
perl -I../.. ../../tests/userprog/write-stdin.ck tests/userprog/write-stdin tests/userprog/write-stdin.result
pass tests/userprog/write-stdin
pintos -v -k -T 60 -m 20   --fs-disk=10 -p tests/userprog/write-bad-fd:write-bad-fd -- -q   -f run write-bad-fd < /dev/null 2> tests/userprog/write-bad-fd.errors > tests/userprog/write-bad-fd.output
perl -I../.. ../../tests/userprog/write-bad-fd.ck tests/userprog/write-bad-fd tests/userprog/write-bad-fd.result
FAIL tests/userprog/write-bad-fd
Kernel panic in run: PANIC at ../../userprog/exception.c:97 in kill(): Kernel bug - unexpected interrupt in kernel
Call stack: 0x8004217e46 0x800421c6db 0x800421c85a 0x8004208d6a 0x8004209188 0x800421d0cf 0x800421cc4a 0x800421c8cf 0x400111 0x40021d 0x400cbe
Translation of call stack:
0x0000008004217e46: debug_panic (lib/kernel/debug.c:32)
0x000000800421c6db: kill (userprog/exception.c:103)
0x000000800421c85a: page_fault (userprog/exception.c:161 (discriminator 12))
0x0000008004208d6a: intr_handler (threads/interrupt.c:412)
0x0000008004209188: intr_entry (threads/intr-stubs.o:?)
0x000000800421d0cf: write (userprog/syscall.c:322)
0x000000800421cc4a: syscall_handler (userprog/syscall.c:98)
0x000000800421c8cf: no_sti (userprog/syscall-entry.o:?)
0x0000000000400111: (unknown)
0x000000000040021d: (unknown)
0x0000000000400cbe: (unknown)
pintos -v -k -T 60 -m 20   --fs-disk=10 -p tests/userprog/fork-once:fork-once -- -q   -f run fork-once < /dev/null 2> tests/userprog/fork-once.errors > tests/userprog/fork-once.output
perl -I../.. ../../tests/userprog/fork-once.ck tests/userprog/fork-once tests/userprog/fork-once.result
FAIL tests/userprog/fork-once
Test output failed to match any acceptable form.

Acceptable output:
  (fork-once) begin
  (fork-once) child run
  child: exit(81)
  (fork-once) Parent: child exit status is 81
  (fork-once) end
  fork-once: exit(0)
Differences in `diff -u' format:
  (fork-once) begin
- (fork-once) child run
- child: exit(81)
- (fork-once) Parent: child exit status is 81
+ [stub] fork() not implemented yet.
+ [stub] wait() not implemented yet.
+ (fork-once) Parent: child exit status is -1
  (fork-once) end
  fork-once: exit(0)
pintos -v -k -T 60 -m 20   --fs-disk=10 -p tests/userprog/fork-multiple:fork-multiple -- -q   -f run fork-multiple < /dev/null 2> tests/userprog/fork-multiple.errors > tests/userprog/fork-multiple.output
perl -I../.. ../../tests/userprog/fork-multiple.ck tests/userprog/fork-multiple tests/userprog/fork-multiple.result
FAIL tests/userprog/fork-multiple
Test output failed to match any acceptable form.

Acceptable output:
  (fork-multiple) begin
  (fork-multiple) child run
  child: exit(4)
  (fork-multiple) Parent: child exit status is 4
  (fork-multiple) child run
  child: exit(5)
  (fork-multiple) Parent: child exit status is 5
  (fork-multiple) child run
  child: exit(6)
  (fork-multiple) Parent: child exit status is 6
  (fork-multiple) child run
  child: exit(7)
  (fork-multiple) Parent: child exit status is 7
  (fork-multiple) end
  fork-multiple: exit(0)
Differences in `diff -u' format:
  (fork-multiple) begin
- (fork-multiple) child run
- child: exit(4)
- (fork-multiple) Parent: child exit status is 4
- (fork-multiple) child run
- child: exit(5)
- (fork-multiple) Parent: child exit status is 5
- (fork-multiple) child run
- child: exit(6)
- (fork-multiple) Parent: child exit status is 6
- (fork-multiple) child run
- child: exit(7)
- (fork-multiple) Parent: child exit status is 7
+ [stub] fork() not implemented yet.
+ [stub] wait() not implemented yet.
+ (fork-multiple) Parent: child exit status is -1
+ [stub] fork() not implemented yet.
+ [stub] wait() not implemented yet.
+ (fork-multiple) Parent: child exit status is -1
+ [stub] fork() not implemented yet.
+ [stub] wait() not implemented yet.
+ (fork-multiple) Parent: child exit status is -1
+ [stub] fork() not implemented yet.
+ [stub] wait() not implemented yet.
+ (fork-multiple) Parent: child exit status is -1
  (fork-multiple) end
  fork-multiple: exit(0)
pintos -v -k -T 60 -m 20   --fs-disk=10 -p tests/userprog/fork-recursive:fork-recursive -- -q   -f run fork-recursive < /dev/null 2> tests/userprog/fork-recursive.errors > tests/userprog/fork-recursive.output
perl -I../.. ../../tests/userprog/fork-recursive.ck tests/userprog/fork-recursive tests/userprog/fork-recursive.result
FAIL tests/userprog/fork-recursive
Test output failed to match any acceptable form.

Acceptable output:
  (fork-recursive) begin
  (fork-recursive) child run
  (fork-recursive) child run
  (fork-recursive) child run
  (fork-recursive) child run
  (fork-recursive) child run
  (fork-recursive) child run
  (fork-recursive) child run
  (fork-recursive) child run
  child: exit(10)
  (fork-recursive) Parent: child exit status is 10
  child: exit(10)
  (fork-recursive) Parent: child exit status is 10
  child: exit(9)
  (fork-recursive) Parent: child exit status is 9
  child: exit(8)
  (fork-recursive) Parent: child exit status is 8
  child: exit(7)
  (fork-recursive) Parent: child exit status is 7
  child: exit(6)
  (fork-recursive) Parent: child exit status is 6
  child: exit(5)
  (fork-recursive) Parent: child exit status is 5
  child: exit(4)
  (fork-recursive) Parent: child exit status is 4
  (fork-recursive) end
  fork-recursive: exit(0)
Differences in `diff -u' format:
  (fork-recursive) begin
- (fork-recursive) child run
- (fork-recursive) child run
- (fork-recursive) child run
- (fork-recursive) child run
- (fork-recursive) child run
- (fork-recursive) child run
- (fork-recursive) child run
- (fork-recursive) child run
- child: exit(10)
- (fork-recursive) Parent: child exit status is 10
- child: exit(10)
- (fork-recursive) Parent: child exit status is 10
- child: exit(9)
- (fork-recursive) Parent: child exit status is 9
- child: exit(8)
- (fork-recursive) Parent: child exit status is 8
- child: exit(7)
- (fork-recursive) Parent: child exit status is 7
- child: exit(6)
- (fork-recursive) Parent: child exit status is 6
- child: exit(5)
- (fork-recursive) Parent: child exit status is 5
- child: exit(4)
- (fork-recursive) Parent: child exit status is 4
+ [stub] fork() not implemented yet.
+ [stub] wait() not implemented yet.
+ (fork-recursive) Parent: child exit status is -1
  (fork-recursive) end
  fork-recursive: exit(0)
pintos -v -k -T 60 -m 20   --fs-disk=10 -p tests/userprog/fork-read:fork-read -p ../../tests/userprog/sample.txt:sample.txt -- -q   -f run fork-read < /dev/null 2> tests/userprog/fork-read.errors > tests/userprog/fork-read.output
perl -I../.. ../../tests/userprog/fork-read.ck tests/userprog/fork-read tests/userprog/fork-read.result
FAIL tests/userprog/fork-read
Test output failed to match any acceptable form.

Acceptable output:
  (fork-read) begin
  (fork-read) open "sample.txt"
  (fork-read) child run
  (fork-read) Child: pintos is funny!
  (fork-read) end
  child: exit(0)
  (fork-read) Parent success
  (fork-read) end
  fork-read: exit(0)
Differences in `diff -u' format:
  (fork-read) begin
  (fork-read) open "sample.txt"
- (fork-read) child run
- (fork-read) Child: pintos is funny!
- (fork-read) end
- child: exit(0)
+ [stub] fork() not implemented yet.
+ [stub] wait() not implemented yet.
  (fork-read) Parent success
  (fork-read) end
  fork-read: exit(0)
pintos -v -k -T 60 -m 20   --fs-disk=10 -p tests/userprog/fork-close:fork-close -p ../../tests/userprog/sample.txt:sample.txt -- -q   -f run fork-close < /dev/null 2> tests/userprog/fork-close.errors > tests/userprog/fork-close.output
perl -I../.. ../../tests/userprog/fork-close.ck tests/userprog/fork-close tests/userprog/fork-close.result
FAIL tests/userprog/fork-close
Test output failed to match any acceptable form.

Acceptable output:
  (fork-close) begin
  (fork-close) open "sample.txt"
  (fork-close) child run
  (fork-close) end
  child: exit(0)
  (fork-close) Parent success
  (fork-close) end
  fork-close: exit(0)
Differences in `diff -u' format:
  (fork-close) begin
  (fork-close) open "sample.txt"
- (fork-close) child run
- (fork-close) end
- child: exit(0)
+ [stub] fork() not implemented yet.
+ [stub] wait() not implemented yet.
  (fork-close) Parent success
  (fork-close) end
  fork-close: exit(0)
pintos -v -k -T 60 -m 20   --fs-disk=10 -p tests/userprog/fork-boundary:fork-boundary -- -q   -f run fork-boundary < /dev/null 2> tests/userprog/fork-boundary.errors > tests/userprog/fork-boundary.output
perl -I../.. ../../tests/userprog/fork-boundary.ck tests/userprog/fork-boundary tests/userprog/fork-boundary.result
FAIL tests/userprog/fork-boundary
run: fork: FAILED
pintos -v -k -T 60 -m 20   --fs-disk=10 -p tests/userprog/exec-once:exec-once -p tests/userprog/child-simple:child-simple -- -q   -f run exec-once < /dev/null 2> tests/userprog/exec-once.errors > tests/userprog/exec-once.output
perl -I../.. ../../tests/userprog/exec-once.ck tests/userprog/exec-once tests/userprog/exec-once.result
FAIL tests/userprog/exec-once
Test output failed to match any acceptable form.

Acceptable output:
  (exec-once) begin
  (exec-once) I'm your father
  (child-simple) run
  exec-once: exit(81)
Differences in `diff -u' format:
  (exec-once) begin
  (exec-once) I'm your father
- (child-simple) run
- exec-once: exit(81)
+ [stub] exec() not implemented yet.
+ (exec-once) end
+ exec-once: exit(0)
pintos -v -k -T 60 -m 20   --fs-disk=10 -p tests/userprog/exec-arg:exec-arg -p tests/userprog/child-args:child-args -- -q   -f run exec-arg < /dev/null 2> tests/userprog/exec-arg.errors > tests/userprog/exec-arg.output
perl -I../.. ../../tests/userprog/exec-arg.ck tests/userprog/exec-arg tests/userprog/exec-arg.result
FAIL tests/userprog/exec-arg
Test output failed to match any acceptable form.

Acceptable output:
  (exec-arg) begin
  (exec-arg) I'm your father
  (args) begin
  (args) argc = 2
  (args) argv[0] = 'child-args'
  (args) argv[1] = 'childarg'
  (args) argv[2] = null
  (args) end
  exec-arg: exit(0)
Differences in `diff -u' format:
  (exec-arg) begin
  (exec-arg) I'm your father
- (args) begin
- (args) argc = 2
- (args) argv[0] = 'child-args'
- (args) argv[1] = 'childarg'
- (args) argv[2] = null
- (args) end
+ [stub] exec() not implemented yet.
+ (exec-arg) end
  exec-arg: exit(0)
pintos -v -k -T 60 -m 20   --fs-disk=10 -p tests/userprog/exec-boundary:exec-boundary -p tests/userprog/child-simple:child-simple -- -q   -f run exec-boundary < /dev/null 2> tests/userprog/exec-boundary.errors > tests/userprog/exec-boundary.output
perl -I../.. ../../tests/userprog/exec-boundary.ck tests/userprog/exec-boundary tests/userprog/exec-boundary.result
FAIL tests/userprog/exec-boundary
run: fork: FAILED
pintos -v -k -T 60 -m 20   --fs-disk=10 -p tests/userprog/exec-missing:exec-missing -- -q   -f run exec-missing < /dev/null 2> tests/userprog/exec-missing.errors > tests/userprog/exec-missing.output
perl -I../.. ../../tests/userprog/exec-missing.ck tests/userprog/exec-missing tests/userprog/exec-missing.result
FAIL tests/userprog/exec-missing
Test output failed to match any acceptable form.

Acceptable output:
  (exec-missing) begin
  load: no-such-file: open failed
  exec-missing: exit(-1)
Differences in `diff -u' format:
  (exec-missing) begin
- load: no-such-file: open failed
- exec-missing: exit(-1)
+ [stub] exec() not implemented yet.
+ (exec-missing) exec("no-such-file"): -1
+ (exec-missing) end
+ exec-missing: exit(0)
Acceptable output:
  (exec-missing) begin
  (exec-missing) exec("no-such-file"): -1
  exec-missing: exit(-1)
Differences in `diff -u' format:
  (exec-missing) begin
+ [stub] exec() not implemented yet.
  (exec-missing) exec("no-such-file"): -1
- exec-missing: exit(-1)
+ (exec-missing) end
+ exec-missing: exit(0)
pintos -v -k -T 60 -m 20   --fs-disk=10 -p tests/userprog/exec-bad-ptr:exec-bad-ptr -- -q   -f run exec-bad-ptr < /dev/null 2> tests/userprog/exec-bad-ptr.errors > tests/userprog/exec-bad-ptr.output
perl -I../.. ../../tests/userprog/exec-bad-ptr.ck tests/userprog/exec-bad-ptr tests/userprog/exec-bad-ptr.result
pass tests/userprog/exec-bad-ptr
pintos -v -k -T 60 -m 20   --fs-disk=10 -p tests/userprog/exec-read:exec-read -p ../../tests/userprog/sample.txt:sample.txt -p tests/userprog/child-read:child-read -- -q   -f run exec-read < /dev/null 2> tests/userprog/exec-read.errors > tests/userprog/exec-read.output
perl -I../.. ../../tests/userprog/exec-read.ck tests/userprog/exec-read tests/userprog/exec-read.result
FAIL tests/userprog/exec-read
Test output failed to match any acceptable form.

Acceptable output:
  (exec-read) begin
  (exec-read) open "sample.txt"
  (exec-read) read "sample.txt" first 20 bytes
  (child-read) begin
  (child-read) open "sample.txt"
  (child-read) read "sample.txt" first 20 bytes
  (child-read) read "sample.txt" remainders
  (child-read) Child success
  (child-read) end
  child-read: exit(0)
  (exec-read) Parent success
  (exec-read) end
  exec-read: exit(0)
Differences in `diff -u' format:
  (exec-read) begin
  (exec-read) open "sample.txt"
  (exec-read) read "sample.txt" first 20 bytes
- (child-read) begin
- (child-read) open "sample.txt"
- (child-read) read "sample.txt" first 20 bytes
- (child-read) read "sample.txt" remainders
- (child-read) Child success
- (child-read) end
- child-read: exit(0)
+ [stub] fork() not implemented yet.
+ [stub] wait() not implemented yet.
  (exec-read) Parent success
  (exec-read) end
  exec-read: exit(0)
pintos -v -k -T 60 -m 20   --fs-disk=10 -p tests/userprog/wait-simple:wait-simple -p tests/userprog/child-simple:child-simple -- -q   -f run wait-simple < /dev/null 2> tests/userprog/wait-simple.errors > tests/userprog/wait-simple.output
perl -I../.. ../../tests/userprog/wait-simple.ck tests/userprog/wait-simple tests/userprog/wait-simple.result
FAIL tests/userprog/wait-simple
Test output failed to match any acceptable form.

Acceptable output:
  (wait-simple) begin
  (child-simple) run
  child-simple: exit(81)
  (wait-simple) wait(exec()) = 81
  (wait-simple) end
  wait-simple: exit(0)
Differences in `diff -u' format:
  (wait-simple) begin
- (child-simple) run
- child-simple: exit(81)
- (wait-simple) wait(exec()) = 81
+ [stub] fork() not implemented yet.
+ [stub] wait() not implemented yet.
+ (wait-simple) wait(exec()) = -1
  (wait-simple) end
  wait-simple: exit(0)
pintos -v -k -T 60 -m 20   --fs-disk=10 -p tests/userprog/wait-twice:wait-twice -p tests/userprog/child-simple:child-simple -- -q   -f run wait-twice < /dev/null 2> tests/userprog/wait-twice.errors > tests/userprog/wait-twice.output
perl -I../.. ../../tests/userprog/wait-twice.ck tests/userprog/wait-twice tests/userprog/wait-twice.result
FAIL tests/userprog/wait-twice
Test output failed to match any acceptable form.

Acceptable output:
  (wait-twice) begin
  (child-simple) run
  child-simple: exit(81)
  (wait-twice) wait(exec()) = 81
  (wait-twice) wait(exec()) = -1
  (wait-twice) end
  wait-twice: exit(0)
Differences in `diff -u' format:
  (wait-twice) begin
- (child-simple) run
- child-simple: exit(81)
- (wait-twice) wait(exec()) = 81
+ [stub] fork() not implemented yet.
+ [stub] wait() not implemented yet.
+ (wait-twice) wait(exec()) = -1
+ [stub] wait() not implemented yet.
  (wait-twice) wait(exec()) = -1
  (wait-twice) end
  wait-twice: exit(0)
pintos -v -k -T 60 -m 20   --fs-disk=10 -p tests/userprog/wait-killed:wait-killed -p tests/userprog/child-bad:child-bad -- -q   -f run wait-killed < /dev/null 2> tests/userprog/wait-killed.errors > tests/userprog/wait-killed.output
perl -I../.. ../../tests/userprog/wait-killed.ck tests/userprog/wait-killed tests/userprog/wait-killed.result
FAIL tests/userprog/wait-killed
Test output failed to match any acceptable form.

Acceptable output:
  (wait-killed) begin
  (child-bad) begin
  child-bad: exit(-1)
  (wait-killed) wait(exec()) = -1
  (wait-killed) end
  wait-killed: exit(0)
Differences in `diff -u' format:
  (wait-killed) begin
- (child-bad) begin
- child-bad: exit(-1)
+ [stub] fork() not implemented yet.
+ [stub] wait() not implemented yet.
  (wait-killed) wait(exec()) = -1
  (wait-killed) end
  wait-killed: exit(0)
Acceptable output:
  (wait-killed) begin
  (child-bad) begin
  load: pintos: open failed
  child-bad: exit(-1)
  (wait-killed) wait(exec()) = -1
  (wait-killed) end
  wait-killed: exit(0)
Differences in `diff -u' format:
  (wait-killed) begin
- (child-bad) begin
- load: pintos: open failed
- child-bad: exit(-1)
+ [stub] fork() not implemented yet.
+ [stub] wait() not implemented yet.
  (wait-killed) wait(exec()) = -1
  (wait-killed) end
  wait-killed: exit(0)
pintos -v -k -T 60 -m 20   --fs-disk=10 -p tests/userprog/wait-bad-pid:wait-bad-pid -- -q   -f run wait-bad-pid < /dev/null 2> tests/userprog/wait-bad-pid.errors > tests/userprog/wait-bad-pid.output
perl -I../.. ../../tests/userprog/wait-bad-pid.ck tests/userprog/wait-bad-pid tests/userprog/wait-bad-pid.result
FAIL tests/userprog/wait-bad-pid
Test output failed to match any acceptable form.

Acceptable output:
  (wait-bad-pid) begin
  wait-bad-pid: exit(-1)
Differences in `diff -u' format:
  (wait-bad-pid) begin
- wait-bad-pid: exit(-1)
+ [stub] wait() not implemented yet.
+ (wait-bad-pid) end
+ wait-bad-pid: exit(0)
Acceptable output:
  (wait-bad-pid) begin
  (wait-bad-pid) end
  wait-bad-pid: exit(0)
Differences in `diff -u' format:
  (wait-bad-pid) begin
+ [stub] wait() not implemented yet.
  (wait-bad-pid) end
  wait-bad-pid: exit(0)
pintos -v -k -T 60 -m 20   --fs-disk=10 -p tests/userprog/multi-recurse:multi-recurse -- -q   -f run 'multi-recurse 15' < /dev/null 2> tests/userprog/multi-recurse.errors > tests/userprog/multi-recurse.output
perl -I../.. ../../tests/userprog/multi-recurse.ck tests/userprog/multi-recurse tests/userprog/multi-recurse.result
FAIL tests/userprog/multi-recurse
run: fork() returned -1: FAILED
pintos -v -k -T 60 -m 20   --fs-disk=10 -p tests/userprog/multi-child-fd:multi-child-fd -p ../../tests/userprog/sample.txt:sample.txt -p tests/userprog/child-close:child-close -- -q   -f run multi-child-fd < /dev/null 2> tests/userprog/multi-child-fd.errors > tests/userprog/multi-child-fd.output
perl -I../.. ../../tests/userprog/multi-child-fd.ck tests/userprog/multi-child-fd tests/userprog/multi-child-fd.result
FAIL tests/userprog/multi-child-fd
Test output failed to match any acceptable form.

Acceptable output:
  (multi-child-fd) begin
  (multi-child-fd) open "sample.txt"
  (child-close) begin
  (child-close) verified contents of "sample.txt"
  (child-close) end
  child-close: exit(0)
  (multi-child-fd) wait(exec()) = 0
  (multi-child-fd) verified contents of "sample.txt"
  (multi-child-fd) end
  multi-child-fd: exit(0)
Differences in `diff -u' format:
  (multi-child-fd) begin
  (multi-child-fd) open "sample.txt"
- (child-close) begin
- (child-close) verified contents of "sample.txt"
- (child-close) end
- child-close: exit(0)
- (multi-child-fd) wait(exec()) = 0
+ [stub] fork() not implemented yet.
+ [stub] wait() not implemented yet.
+ (multi-child-fd) wait(exec()) = -1
  (multi-child-fd) verified contents of "sample.txt"
  (multi-child-fd) end
  multi-child-fd: exit(0)
pintos -v -k -T 60 -m 20   --fs-disk=10 -p tests/userprog/rox-simple:rox-simple -- -q   -f run rox-simple < /dev/null 2> tests/userprog/rox-simple.errors > tests/userprog/rox-simple.output
perl -I../.. ../../tests/userprog/rox-simple.ck tests/userprog/rox-simple tests/userprog/rox-simple.result
FAIL tests/userprog/rox-simple
run: try to write "rox-simple": FAILED
pintos -v -k -T 60 -m 20   --fs-disk=10 -p tests/userprog/rox-child:rox-child -p tests/userprog/child-rox:child-rox -- -q   -f run rox-child < /dev/null 2> tests/userprog/rox-child.errors > tests/userprog/rox-child.output
perl -I../.. ../../tests/userprog/rox-child.ck tests/userprog/rox-child tests/userprog/rox-child.result
FAIL tests/userprog/rox-child
run: fork() returned -1: FAILED
pintos -v -k -T 60 -m 20   --fs-disk=10 -p tests/userprog/rox-multichild:rox-multichild -p tests/userprog/child-rox:child-rox -- -q   -f run rox-multichild < /dev/null 2> tests/userprog/rox-multichild.errors > tests/userprog/rox-multichild.output
perl -I../.. ../../tests/userprog/rox-multichild.ck tests/userprog/rox-multichild tests/userprog/rox-multichild.result
FAIL tests/userprog/rox-multichild
run: fork() returned -1: FAILED
pintos -v -k -T 60 -m 20   --fs-disk=10 -p tests/userprog/bad-read:bad-read -- -q   -f run bad-read < /dev/null 2> tests/userprog/bad-read.errors > tests/userprog/bad-read.output
perl -I../.. ../../tests/userprog/bad-read.ck tests/userprog/bad-read tests/userprog/bad-read.result
FAIL tests/userprog/bad-read
Test output failed to match any acceptable form.

Acceptable output:
  (bad-read) begin
  bad-read: exit(-1)
Differences in `diff -u' format:
  (bad-read) begin
- bad-read: exit(-1)
+ Interrupt 0x0e (#PF Page-Fault Exception) at rip=4000f1
+ rax 0000000000000000 rbx 0000000000000000 rcx 00000000000000ff rdx 0000000000000000
+ rsp 000000004747ff90 rbp 000000004747ff90 rsi 00000000006050ee rdi 00000000006051df
+ rip 00000000004000f1 r8 0000000000000000  r9 0000000000000000 r10 0000000000000000
+ r11 0000000000000206 r12 0000000000000000 r13 0000000000000000 r14 0000000000000000
+ r15 0000000000000000 rflags 00000212
+ es: 001b ds: 001b cs: 0023 ss: 001b

(User fault messages are excluded for matching purposes.)
pintos -v -k -T 60 -m 20   --fs-disk=10 -p tests/userprog/bad-write:bad-write -- -q   -f run bad-write < /dev/null 2> tests/userprog/bad-write.errors > tests/userprog/bad-write.output
perl -I../.. ../../tests/userprog/bad-write.ck tests/userprog/bad-write tests/userprog/bad-write.result
FAIL tests/userprog/bad-write
Test output failed to match any acceptable form.

Acceptable output:
  (bad-write) begin
  bad-write: exit(-1)
Differences in `diff -u' format:
  (bad-write) begin
- bad-write: exit(-1)
+ Interrupt 0x0e (#PF Page-Fault Exception) at rip=4000f1
+ rax 0000000000000000 rbx 0000000000000000 rcx 00000000000000ff rdx 0000000000000000
+ rsp 000000004747ff90 rbp 000000004747ff90 rsi 000000000060508e rdi 000000000060517f
+ rip 00000000004000f1 r8 0000000000000000  r9 0000000000000000 r10 0000000000000000
+ r11 0000000000000206 r12 0000000000000000 r13 0000000000000000 r14 0000000000000000
+ r15 0000000000000000 rflags 00000212
+ es: 001b ds: 001b cs: 0023 ss: 001b

(User fault messages are excluded for matching purposes.)
pintos -v -k -T 60 -m 20   --fs-disk=10 -p tests/userprog/bad-read2:bad-read2 -- -q   -f run bad-read2 < /dev/null 2> tests/userprog/bad-read2.errors > tests/userprog/bad-read2.output
perl -I../.. ../../tests/userprog/bad-read2.ck tests/userprog/bad-read2 tests/userprog/bad-read2.result
FAIL tests/userprog/bad-read2
Test output failed to match any acceptable form.

Acceptable output:
  (bad-read2) begin
  bad-read2: exit(-1)
Differences in `diff -u' format:
  (bad-read2) begin
- bad-read2: exit(-1)
+ Interrupt 0x0e (#PF Page-Fault Exception) at rip=4000f6
+ rax 0000008004000000 rbx 0000000000000000 rcx 00000000000000ff rdx 0000000000000000
+ rsp 000000004747ff90 rbp 000000004747ff90 rsi 00000000006050ee rdi 00000000006051df
+ rip 00000000004000f6 r8 0000000000000000  r9 0000000000000000 r10 0000000000000000
+ r11 0000000000000206 r12 0000000000000000 r13 0000000000000000 r14 0000000000000000
+ r15 0000000000000000 rflags 00000212
+ es: 001b ds: 001b cs: 0023 ss: 001b

(User fault messages are excluded for matching purposes.)
pintos -v -k -T 60 -m 20   --fs-disk=10 -p tests/userprog/bad-write2:bad-write2 -- -q   -f run bad-write2 < /dev/null 2> tests/userprog/bad-write2.errors > tests/userprog/bad-write2.output
perl -I../.. ../../tests/userprog/bad-write2.ck tests/userprog/bad-write2 tests/userprog/bad-write2.result
FAIL tests/userprog/bad-write2
Test output failed to match any acceptable form.

Acceptable output:
  (bad-write2) begin
  bad-write2: exit(-1)
Differences in `diff -u' format:
  (bad-write2) begin
- bad-write2: exit(-1)
+ Interrupt 0x0e (#PF Page-Fault Exception) at rip=4000f6
+ rax 0000008004000000 rbx 0000000000000000 rcx 00000000000000ff rdx 0000000000000000
+ rsp 000000004747ff90 rbp 000000004747ff90 rsi 000000000060508e rdi 000000000060517f
+ rip 00000000004000f6 r8 0000000000000000  r9 0000000000000000 r10 0000000000000000
+ r11 0000000000000206 r12 0000000000000000 r13 0000000000000000 r14 0000000000000000
+ r15 0000000000000000 rflags 00000212
+ es: 001b ds: 001b cs: 0023 ss: 001b

(User fault messages are excluded for matching purposes.)
pintos -v -k -T 60 -m 20   --fs-disk=10 -p tests/userprog/bad-jump:bad-jump -- -q   -f run bad-jump < /dev/null 2> tests/userprog/bad-jump.errors > tests/userprog/bad-jump.output
perl -I../.. ../../tests/userprog/bad-jump.ck tests/userprog/bad-jump tests/userprog/bad-jump.result
FAIL tests/userprog/bad-jump
Test output failed to match any acceptable form.

Acceptable output:
  (bad-jump) begin
  bad-jump: exit(-1)
Differences in `diff -u' format:
  (bad-jump) begin
- bad-jump: exit(-1)
+ Interrupt 0x0e (#PF Page-Fault Exception) at rip=0
+ rax 0000000000000000 rbx 0000000000000000 rcx 00000000000000ff rdx 0000000000000000
+ rsp 000000004747ff88 rbp 000000004747ff90 rsi 00000000006050ce rdi 00000000006051bf
+ rip 0000000000000000 r8 0000000000000000  r9 0000000000000000 r10 0000000000000000
+ r11 0000000000000206 r12 0000000000000000 r13 0000000000000000 r14 0000000000000000
+ r15 0000000000000000 rflags 00000212
+ es: 001b ds: 001b cs: 0023 ss: 001b

(User fault messages are excluded for matching purposes.)
pintos -v -k -T 60 -m 20   --fs-disk=10 -p tests/userprog/bad-jump2:bad-jump2 -- -q   -f run bad-jump2 < /dev/null 2> tests/userprog/bad-jump2.errors > tests/userprog/bad-jump2.output
perl -I../.. ../../tests/userprog/bad-jump2.ck tests/userprog/bad-jump2 tests/userprog/bad-jump2.result
FAIL tests/userprog/bad-jump2
Test output failed to match any acceptable form.

Acceptable output:
  (bad-jump2) begin
  bad-jump2: exit(-1)
Differences in `diff -u' format:
  (bad-jump2) begin
- bad-jump2: exit(-1)
+ Interrupt 0x0e (#PF Page-Fault Exception) at rip=8004000000
+ rax 0000008004000000 rbx 0000000000000000 rcx 00000000000000ff rdx 0000000000000000
+ rsp 000000004747ff88 rbp 000000004747ff90 rsi 00000000006050ee rdi 00000000006051df
+ rip 0000008004000000 r8 0000000000000000  r9 0000000000000000 r10 0000000000000000
+ r11 0000000000000206 r12 0000000000000000 r13 0000000000000000 r14 0000000000000000
+ r15 0000000000000000 rflags 00000212
+ es: 001b ds: 001b cs: 0023 ss: 001b

(User fault messages are excluded for matching purposes.)
pintos -v -k -T 60 -m 20   --fs-disk=10 -p tests/filesys/base/lg-create:lg-create -- -q   -f run lg-create < /dev/null 2> tests/filesys/base/lg-create.errors > tests/filesys/base/lg-create.output
perl -I../.. ../../tests/filesys/base/lg-create.ck tests/filesys/base/lg-create tests/filesys/base/lg-create.result
pass tests/filesys/base/lg-create
pintos -v -k -T 60 -m 20   --fs-disk=10 -p tests/filesys/base/lg-full:lg-full -- -q   -f run lg-full < /dev/null 2> tests/filesys/base/lg-full.errors > tests/filesys/base/lg-full.output
perl -I../.. ../../tests/filesys/base/lg-full.ck tests/filesys/base/lg-full tests/filesys/base/lg-full.result
pass tests/filesys/base/lg-full
pintos -v -k -T 60 -m 20   --fs-disk=10 -p tests/filesys/base/lg-random:lg-random -- -q   -f run lg-random < /dev/null 2> tests/filesys/base/lg-random.errors > tests/filesys/base/lg-random.output
perl -I../.. ../../tests/filesys/base/lg-random.ck tests/filesys/base/lg-random tests/filesys/base/lg-random.result
pass tests/filesys/base/lg-random
pintos -v -k -T 60 -m 20   --fs-disk=10 -p tests/filesys/base/lg-seq-block:lg-seq-block -- -q   -f run lg-seq-block < /dev/null 2> tests/filesys/base/lg-seq-block.errors > tests/filesys/base/lg-seq-block.output
perl -I../.. ../../tests/filesys/base/lg-seq-block.ck tests/filesys/base/lg-seq-block tests/filesys/base/lg-seq-block.result
pass tests/filesys/base/lg-seq-block
pintos -v -k -T 60 -m 20   --fs-disk=10 -p tests/filesys/base/lg-seq-random:lg-seq-random -- -q   -f run lg-seq-random < /dev/null 2> tests/filesys/base/lg-seq-random.errors > tests/filesys/base/lg-seq-random.output
perl -I../.. ../../tests/filesys/base/lg-seq-random.ck tests/filesys/base/lg-seq-random tests/filesys/base/lg-seq-random.result
pass tests/filesys/base/lg-seq-random
pintos -v -k -T 60 -m 20   --fs-disk=10 -p tests/filesys/base/sm-create:sm-create -- -q   -f run sm-create < /dev/null 2> tests/filesys/base/sm-create.errors > tests/filesys/base/sm-create.output
perl -I../.. ../../tests/filesys/base/sm-create.ck tests/filesys/base/sm-create tests/filesys/base/sm-create.result
pass tests/filesys/base/sm-create
pintos -v -k -T 60 -m 20   --fs-disk=10 -p tests/filesys/base/sm-full:sm-full -- -q   -f run sm-full < /dev/null 2> tests/filesys/base/sm-full.errors > tests/filesys/base/sm-full.output
perl -I../.. ../../tests/filesys/base/sm-full.ck tests/filesys/base/sm-full tests/filesys/base/sm-full.result
pass tests/filesys/base/sm-full
pintos -v -k -T 60 -m 20   --fs-disk=10 -p tests/filesys/base/sm-random:sm-random -- -q   -f run sm-random < /dev/null 2> tests/filesys/base/sm-random.errors > tests/filesys/base/sm-random.output
perl -I../.. ../../tests/filesys/base/sm-random.ck tests/filesys/base/sm-random tests/filesys/base/sm-random.result
pass tests/filesys/base/sm-random
pintos -v -k -T 60 -m 20   --fs-disk=10 -p tests/filesys/base/sm-seq-block:sm-seq-block -- -q   -f run sm-seq-block < /dev/null 2> tests/filesys/base/sm-seq-block.errors > tests/filesys/base/sm-seq-block.output
perl -I../.. ../../tests/filesys/base/sm-seq-block.ck tests/filesys/base/sm-seq-block tests/filesys/base/sm-seq-block.result
pass tests/filesys/base/sm-seq-block
pintos -v -k -T 60 -m 20   --fs-disk=10 -p tests/filesys/base/sm-seq-random:sm-seq-random -- -q   -f run sm-seq-random < /dev/null 2> tests/filesys/base/sm-seq-random.errors > tests/filesys/base/sm-seq-random.output
perl -I../.. ../../tests/filesys/base/sm-seq-random.ck tests/filesys/base/sm-seq-random tests/filesys/base/sm-seq-random.result
pass tests/filesys/base/sm-seq-random
pintos -v -k -T 300 -m 20   --fs-disk=10 -p tests/filesys/base/syn-read:syn-read -p tests/filesys/base/child-syn-read:child-syn-read -- -q   -f run syn-read < /dev/null 2> tests/filesys/base/syn-read.errors > tests/filesys/base/syn-read.output
perl -I../.. ../../tests/filesys/base/syn-read.ck tests/filesys/base/syn-read tests/filesys/base/syn-read.result
FAIL tests/filesys/base/syn-read
run: exec child 1 of 10: "child-syn-read 0": FAILED
pintos -v -k -T 60 -m 20   --fs-disk=10 -p tests/filesys/base/syn-remove:syn-remove -- -q   -f run syn-remove < /dev/null 2> tests/filesys/base/syn-remove.errors > tests/filesys/base/syn-remove.output
perl -I../.. ../../tests/filesys/base/syn-remove.ck tests/filesys/base/syn-remove tests/filesys/base/syn-remove.result
FAIL tests/filesys/base/syn-remove
run: remove "deleteme": FAILED
pintos -v -k -T 60 -m 20   --fs-disk=10 -p tests/filesys/base/syn-write:syn-write -p tests/filesys/base/child-syn-wrt:child-syn-wrt -- -q   -f run syn-write < /dev/null 2> tests/filesys/base/syn-write.errors > tests/filesys/base/syn-write.output
perl -I../.. ../../tests/filesys/base/syn-write.ck tests/filesys/base/syn-write tests/filesys/base/syn-write.result
FAIL tests/filesys/base/syn-write
run: exec child 1 of 10: "child-syn-wrt 0": FAILED
pintos -v -k -T 600 -m 20 -m 20   --fs-disk=10 -p tests/userprog/no-vm/multi-oom:multi-oom -- -q   -f run multi-oom < /dev/null 2> tests/userprog/no-vm/multi-oom.errors > tests/userprog/no-vm/multi-oom.output
perl -I../.. ../../tests/userprog/no-vm/multi-oom.ck tests/userprog/no-vm/multi-oom tests/userprog/no-vm/multi-oom.result
FAIL tests/userprog/no-vm/multi-oom
Test output failed to match any acceptable form.

Acceptable output:
  (multi-oom) begin
  (multi-oom) Spawned at least 10 children.
  (multi-oom) success. Program forked 10 iterations.
  (multi-oom) end
Differences in `diff -u' format:
  (multi-oom) begin
- (multi-oom) Spawned at least 10 children.
- (multi-oom) success. Program forked 10 iterations.
- (multi-oom) end
+ [stub] fork() not implemented yet.

(Process exit codes are excluded for matching purposes.)

(User fault messages are excluded for matching purposes.)
pintos -v -k -T 60 -m 20   --fs-disk=10  -- -q  -threads-tests -f run alarm-single < /dev/null 2> tests/threads/alarm-single.errors > tests/threads/alarm-single.output
perl -I../.. ../../tests/threads/alarm-single.ck tests/threads/alarm-single tests/threads/alarm-single.result
pass tests/threads/alarm-single
pintos -v -k -T 60 -m 20   --fs-disk=10  -- -q  -threads-tests -f run alarm-multiple < /dev/null 2> tests/threads/alarm-multiple.errors > tests/threads/alarm-multiple.output
perl -I../.. ../../tests/threads/alarm-multiple.ck tests/threads/alarm-multiple tests/threads/alarm-multiple.result
pass tests/threads/alarm-multiple
pintos -v -k -T 60 -m 20   --fs-disk=10  -- -q  -threads-tests -f run alarm-simultaneous < /dev/null 2> tests/threads/alarm-simultaneous.errors > tests/threads/alarm-simultaneous.output
perl -I../.. ../../tests/threads/alarm-simultaneous.ck tests/threads/alarm-simultaneous tests/threads/alarm-simultaneous.result
pass tests/threads/alarm-simultaneous
pintos -v -k -T 60 -m 20   --fs-disk=10  -- -q  -threads-tests -f run alarm-priority < /dev/null 2> tests/threads/alarm-priority.errors > tests/threads/alarm-priority.output
perl -I../.. ../../tests/threads/alarm-priority.ck tests/threads/alarm-priority tests/threads/alarm-priority.result
pass tests/threads/alarm-priority
pintos -v -k -T 60 -m 20   --fs-disk=10  -- -q  -threads-tests -f run alarm-zero < /dev/null 2> tests/threads/alarm-zero.errors > tests/threads/alarm-zero.output
perl -I../.. ../../tests/threads/alarm-zero.ck tests/threads/alarm-zero tests/threads/alarm-zero.result
pass tests/threads/alarm-zero
pintos -v -k -T 60 -m 20   --fs-disk=10  -- -q  -threads-tests -f run alarm-negative < /dev/null 2> tests/threads/alarm-negative.errors > tests/threads/alarm-negative.output
perl -I../.. ../../tests/threads/alarm-negative.ck tests/threads/alarm-negative tests/threads/alarm-negative.result
pass tests/threads/alarm-negative
pintos -v -k -T 60 -m 20   --fs-disk=10  -- -q  -threads-tests -f run priority-change < /dev/null 2> tests/threads/priority-change.errors > tests/threads/priority-change.output
perl -I../.. ../../tests/threads/priority-change.ck tests/threads/priority-change tests/threads/priority-change.result
pass tests/threads/priority-change
pintos -v -k -T 60 -m 20   --fs-disk=10  -- -q  -threads-tests -f run priority-donate-one < /dev/null 2> tests/threads/priority-donate-one.errors > tests/threads/priority-donate-one.output
perl -I../.. ../../tests/threads/priority-donate-one.ck tests/threads/priority-donate-one tests/threads/priority-donate-one.result
pass tests/threads/priority-donate-one
pintos -v -k -T 60 -m 20   --fs-disk=10  -- -q  -threads-tests -f run priority-donate-multiple < /dev/null 2> tests/threads/priority-donate-multiple.errors > tests/threads/priority-donate-multiple.output
perl -I../.. ../../tests/threads/priority-donate-multiple.ck tests/threads/priority-donate-multiple tests/threads/priority-donate-multiple.result
pass tests/threads/priority-donate-multiple
pintos -v -k -T 60 -m 20   --fs-disk=10  -- -q  -threads-tests -f run priority-donate-multiple2 < /dev/null 2> tests/threads/priority-donate-multiple2.errors > tests/threads/priority-donate-multiple2.output
perl -I../.. ../../tests/threads/priority-donate-multiple2.ck tests/threads/priority-donate-multiple2 tests/threads/priority-donate-multiple2.result
pass tests/threads/priority-donate-multiple2
pintos -v -k -T 60 -m 20   --fs-disk=10  -- -q  -threads-tests -f run priority-donate-nest < /dev/null 2> tests/threads/priority-donate-nest.errors > tests/threads/priority-donate-nest.output
perl -I../.. ../../tests/threads/priority-donate-nest.ck tests/threads/priority-donate-nest tests/threads/priority-donate-nest.result
pass tests/threads/priority-donate-nest
pintos -v -k -T 60 -m 20   --fs-disk=10  -- -q  -threads-tests -f run priority-donate-sema < /dev/null 2> tests/threads/priority-donate-sema.errors > tests/threads/priority-donate-sema.output
perl -I../.. ../../tests/threads/priority-donate-sema.ck tests/threads/priority-donate-sema tests/threads/priority-donate-sema.result
pass tests/threads/priority-donate-sema
pintos -v -k -T 60 -m 20   --fs-disk=10  -- -q  -threads-tests -f run priority-donate-lower < /dev/null 2> tests/threads/priority-donate-lower.errors > tests/threads/priority-donate-lower.output
perl -I../.. ../../tests/threads/priority-donate-lower.ck tests/threads/priority-donate-lower tests/threads/priority-donate-lower.result
pass tests/threads/priority-donate-lower
pintos -v -k -T 60 -m 20   --fs-disk=10  -- -q  -threads-tests -f run priority-fifo < /dev/null 2> tests/threads/priority-fifo.errors > tests/threads/priority-fifo.output
perl -I../.. ../../tests/threads/priority-fifo.ck tests/threads/priority-fifo tests/threads/priority-fifo.result
pass tests/threads/priority-fifo
pintos -v -k -T 60 -m 20   --fs-disk=10  -- -q  -threads-tests -f run priority-preempt < /dev/null 2> tests/threads/priority-preempt.errors > tests/threads/priority-preempt.output
perl -I../.. ../../tests/threads/priority-preempt.ck tests/threads/priority-preempt tests/threads/priority-preempt.result
pass tests/threads/priority-preempt
pintos -v -k -T 60 -m 20   --fs-disk=10  -- -q  -threads-tests -f run priority-sema < /dev/null 2> tests/threads/priority-sema.errors > tests/threads/priority-sema.output
perl -I../.. ../../tests/threads/priority-sema.ck tests/threads/priority-sema tests/threads/priority-sema.result
pass tests/threads/priority-sema
pintos -v -k -T 60 -m 20   --fs-disk=10  -- -q  -threads-tests -f run priority-condvar < /dev/null 2> tests/threads/priority-condvar.errors > tests/threads/priority-condvar.output
perl -I../.. ../../tests/threads/priority-condvar.ck tests/threads/priority-condvar tests/threads/priority-condvar.result
pass tests/threads/priority-condvar
pintos -v -k -T 60 -m 20   --fs-disk=10  -- -q  -threads-tests -f run priority-donate-chain < /dev/null 2> tests/threads/priority-donate-chain.errors > tests/threads/priority-donate-chain.output
perl -I../.. ../../tests/threads/priority-donate-chain.ck tests/threads/priority-donate-chain tests/threads/priority-donate-chain.result
pass tests/threads/priority-donate-chain
pass tests/userprog/args-none
pass tests/userprog/args-single
pass tests/userprog/args-multiple
pass tests/userprog/args-many
pass tests/userprog/args-dbl-space
pass tests/userprog/halt
pass tests/userprog/exit
pass tests/userprog/create-normal
pass tests/userprog/create-empty
pass tests/userprog/create-null
pass tests/userprog/create-bad-ptr
pass tests/userprog/create-long
pass tests/userprog/create-exists
pass tests/userprog/create-bound
pass tests/userprog/open-normal
pass tests/userprog/open-missing
pass tests/userprog/open-boundary
pass tests/userprog/open-empty
pass tests/userprog/open-null
pass tests/userprog/open-bad-ptr
pass tests/userprog/open-twice
pass tests/userprog/close-normal
pass tests/userprog/close-twice
FAIL tests/userprog/close-bad-fd
pass tests/userprog/read-normal
pass tests/userprog/read-bad-ptr
pass tests/userprog/read-boundary
pass tests/userprog/read-zero
pass tests/userprog/read-stdout
FAIL tests/userprog/read-bad-fd
pass tests/userprog/write-normal
pass tests/userprog/write-bad-ptr
pass tests/userprog/write-boundary
pass tests/userprog/write-zero
pass tests/userprog/write-stdin
FAIL tests/userprog/write-bad-fd
FAIL tests/userprog/fork-once
FAIL tests/userprog/fork-multiple
FAIL tests/userprog/fork-recursive
FAIL tests/userprog/fork-read
FAIL tests/userprog/fork-close
FAIL tests/userprog/fork-boundary
FAIL tests/userprog/exec-once
FAIL tests/userprog/exec-arg
FAIL tests/userprog/exec-boundary
FAIL tests/userprog/exec-missing
pass tests/userprog/exec-bad-ptr
FAIL tests/userprog/exec-read
FAIL tests/userprog/wait-simple
FAIL tests/userprog/wait-twice
FAIL tests/userprog/wait-killed
FAIL tests/userprog/wait-bad-pid
FAIL tests/userprog/multi-recurse
FAIL tests/userprog/multi-child-fd
FAIL tests/userprog/rox-simple
FAIL tests/userprog/rox-child
FAIL tests/userprog/rox-multichild
FAIL tests/userprog/bad-read
FAIL tests/userprog/bad-write
FAIL tests/userprog/bad-read2
FAIL tests/userprog/bad-write2
FAIL tests/userprog/bad-jump
FAIL tests/userprog/bad-jump2
pass tests/filesys/base/lg-create
pass tests/filesys/base/lg-full
pass tests/filesys/base/lg-random
pass tests/filesys/base/lg-seq-block
pass tests/filesys/base/lg-seq-random
pass tests/filesys/base/sm-create
pass tests/filesys/base/sm-full
pass tests/filesys/base/sm-random
pass tests/filesys/base/sm-seq-block
pass tests/filesys/base/sm-seq-random
FAIL tests/filesys/base/syn-read
FAIL tests/filesys/base/syn-remove
FAIL tests/filesys/base/syn-write
FAIL tests/userprog/no-vm/multi-oom
pass tests/threads/alarm-single
pass tests/threads/alarm-multiple
pass tests/threads/alarm-simultaneous
pass tests/threads/alarm-priority
pass tests/threads/alarm-zero
pass tests/threads/alarm-negative
pass tests/threads/priority-change
pass tests/threads/priority-donate-one
pass tests/threads/priority-donate-multiple
pass tests/threads/priority-donate-multiple2
pass tests/threads/priority-donate-nest
pass tests/threads/priority-donate-sema
pass tests/threads/priority-donate-lower
pass tests/threads/priority-fifo
pass tests/threads/priority-preempt
pass tests/threads/priority-sema
pass tests/threads/priority-condvar
pass tests/threads/priority-donate-chain
33 of 95 tests failed.
../../tests/Make.tests:28: recipe for target 'check' failed
make[1]: *** [check] Error 1
make[1]: Leaving directory '/workspaces/PintOS_team8/pintos-kaist/userprog/build'
